<?xml version="1.0" encoding="UTF-8"?>
<!-- Generated by org.testng.reporters.JUnitReportReporter -->
<testsuite skipped="0" hostname="shapan-HP" name="com.google.qa.testcases.Democreatefile" tests="1" failures="0" timestamp="2020-05-13T22:52:47 EDT" time="0.015" errors="0">
  <testcase name="demofile" time="0.015" classname="com.google.qa.testcases.Democreatefile"/>
  <system-out/>
</testsuite> <!-- com.google.qa.testcases.Democreatefile -->
