<?xml version="1.0" encoding="UTF-8"?>
<!-- Generated by org.testng.reporters.JUnitReportReporter -->
<testsuite skipped="0" hostname="shapan-HP" name="com.google.qa.testcases.LoginFacebook" tests="1" failures="0" timestamp="13 May 2020 00:03:46 GMT" time="9.781" errors="0">
  <testcase name="logintest" time="9.781" classname="com.google.qa.testcases.LoginFacebook"/>
</testsuite> <!-- com.google.qa.testcases.LoginFacebook -->
