<?xml version="1.0" encoding="UTF-8"?>
<!-- Generated by org.testng.reporters.JUnitReportReporter -->
<testsuite skipped="0" hostname="shapan-HP" name="com.google.qa.testcases.DownloadByusingFirefox" tests="1" failures="0" timestamp="2020-05-16T18:31:59 EDT" time="14.195" errors="0">
  <testcase name="uploadtest" time="14.195" classname="com.google.qa.testcases.DownloadByusingFirefox"/>
  <system-out/>
</testsuite> <!-- com.google.qa.testcases.DownloadByusingFirefox -->
