<?xml version="1.0" encoding="UTF-8"?>
<!-- Generated by org.testng.reporters.JUnitReportReporter -->
<testsuite skipped="0" hostname="shapan-HP" name="com.google.qa.testcases.TC_001" tests="1" failures="0" timestamp="12 May 2020 21:41:44 GMT" time="24.486" errors="0">
  <testcase name="openBrowser" time="24.486" classname="com.google.qa.testcases.TC_001"/>
</testsuite> <!-- com.google.qa.testcases.TC_001 -->
