<?xml version="1.0" encoding="UTF-8"?>
<!-- Generated by org.testng.reporters.JUnitReportReporter -->
<testsuite skipped="0" hostname="shapan-HP" name="com.google.qa.testcases.Createxlsfile" tests="1" failures="0" timestamp="2020-05-13T19:04:54 EDT" time="0.828" errors="0">
  <testcase name="createfile" time="0.828" classname="com.google.qa.testcases.Createxlsfile"/>
  <system-out/>
</testsuite> <!-- com.google.qa.testcases.Createxlsfile -->
