<?xml version="1.0" encoding="UTF-8"?>
<!-- Generated by org.testng.reporters.JUnitReportReporter -->
<testsuite skipped="0" hostname="shapan-HP" name="com.google.qa.testcases.Readingfileinxl" tests="1" failures="0" timestamp="2020-05-13T18:52:04 EDT" time="0.704" errors="0">
  <testcase name="readfile" time="0.704" classname="com.google.qa.testcases.Readingfileinxl"/>
  <system-out/>
</testsuite> <!-- com.google.qa.testcases.Readingfileinxl -->
